0 info it worked if it ends with ok
1 verbose cli [ '/Users/inrhythm045/.nvm/versions/node/v5.0.0/bin/node',
1 verbose cli   '/Users/inrhythm045/.nvm/versions/node/v5.0.0/bin/npm',
1 verbose cli   'run',
1 verbose cli   'push' ]
2 info using npm@3.3.6
3 info using node@v5.0.0
4 verbose run-script [ 'prepush', 'push', 'postpush' ]
5 info lifecycle inrhythm-blog@0.0.0~prepush: inrhythm-blog@0.0.0
6 silly lifecycle inrhythm-blog@0.0.0~prepush: no script for prepush, continuing
7 info lifecycle inrhythm-blog@0.0.0~push: inrhythm-blog@0.0.0
8 verbose lifecycle inrhythm-blog@0.0.0~push: unsafe-perm in lifecycle true
9 verbose lifecycle inrhythm-blog@0.0.0~push: PATH: /Users/inrhythm045/.nvm/versions/node/v5.0.0/lib/node_modules/npm/bin/node-gyp-bin:/Users/inrhythm045/Projects/inrhythm-blog/node_modules/.bin:/Users/inrhythm045/.pythonbrew/bin:/Users/inrhythm045/.pythonbrew/pythons/Python-3.4.3/bin:/Users/inrhythm045/.rvm/gems/ruby-2.2.1/bin:/Users/inrhythm045/.rvm/gems/ruby-2.2.1@global/bin:/Users/inrhythm045/.rvm/rubies/ruby-2.2.1/bin:/Users/inrhythm045/.nvm/versions/node/v5.0.0/bin:/usr/local/bin:/usr/bin:/bin:/usr/sbin:/sbin:/Library/TeX/texbin:/Applications/Sublime Text 2.app/Contents/SharedSupport/bin:/Users/inrhythm045/.rvm/bin
10 verbose lifecycle inrhythm-blog@0.0.0~push: CWD: /Users/inrhythm045/Projects/inrhythm-blog
11 silly lifecycle inrhythm-blog@0.0.0~push: Args: [ '-c',
11 silly lifecycle   'cd build && git add --all . && git commit -am\'update\' && git push -f' ]
12 silly lifecycle inrhythm-blog@0.0.0~push: Returned: code: 1  signal: null
13 info lifecycle inrhythm-blog@0.0.0~push: Failed to exec push script
14 verbose stack Error: inrhythm-blog@0.0.0 push: `cd build && git add --all . && git commit -am'update' && git push -f`
14 verbose stack Exit status 1
14 verbose stack     at EventEmitter.<anonymous> (/Users/inrhythm045/.nvm/versions/node/v5.0.0/lib/node_modules/npm/lib/utils/lifecycle.js:233:16)
14 verbose stack     at emitTwo (events.js:87:13)
14 verbose stack     at EventEmitter.emit (events.js:172:7)
14 verbose stack     at ChildProcess.<anonymous> (/Users/inrhythm045/.nvm/versions/node/v5.0.0/lib/node_modules/npm/lib/utils/spawn.js:24:14)
14 verbose stack     at emitTwo (events.js:87:13)
14 verbose stack     at ChildProcess.emit (events.js:172:7)
14 verbose stack     at maybeClose (internal/child_process.js:818:16)
14 verbose stack     at Process.ChildProcess._handle.onexit (internal/child_process.js:211:5)
15 verbose pkgid inrhythm-blog@0.0.0
16 verbose cwd /Users/inrhythm045/Projects/inrhythm-blog/build
17 error Darwin 14.5.0
18 error argv "/Users/inrhythm045/.nvm/versions/node/v5.0.0/bin/node" "/Users/inrhythm045/.nvm/versions/node/v5.0.0/bin/npm" "run" "push"
19 error node v5.0.0
20 error npm  v3.3.6
21 error code ELIFECYCLE
22 error inrhythm-blog@0.0.0 push: `cd build && git add --all . && git commit -am'update' && git push -f`
22 error Exit status 1
23 error Failed at the inrhythm-blog@0.0.0 push script 'cd build && git add --all . && git commit -am'update' && git push -f'.
23 error This is most likely a problem with the inrhythm-blog package,
23 error not with npm itself.
23 error Tell the author that this fails on your system:
23 error     cd build && git add --all . && git commit -am'update' && git push -f
23 error You can get their info via:
23 error     npm owner ls inrhythm-blog
23 error There is likely additional logging output above.
24 verbose exit [ 1, true ]
